[2026-07-08T15:53:25.757Z] [INFO] Server started on port 3000
[2026-07-08T15:53:29.695Z] [INFO] GET / → 200 (31ms)
[2026-07-08T15:53:43.407Z] [INFO] GET /app.js → 200 (6ms)
[2026-07-08T15:53:43.477Z] [INFO] GET /style.css → 200 (4ms)
[2026-07-08T15:53:43.492Z] [INFO] GET /ic_banner.png → 200 (5ms)
[2026-07-08T15:54:46.897Z] [INFO] GET / → 200 (3ms)
[2026-07-08T15:54:47.062Z] [INFO] GET /style.css → 200 (16ms)
[2026-07-08T15:54:47.213Z] [INFO] GET /app.js → 200 (165ms)
[2026-07-08T15:54:48.494Z] [WARN] GET /favicon.ico → 404 (3ms)
[2026-07-08T15:56:58.669Z] [INFO] GET / → 200 (6ms)
[2026-07-08T15:56:58.765Z] [INFO] GET /style.css → 200 (12ms)
[2026-07-08T15:56:58.790Z] [INFO] GET /app.js → 200 (4ms)
[2026-07-08T17:54:09.025Z] [WARN] GET / → 404 (130ms)
[2026-07-08T17:54:16.302Z] [INFO] GET / → 304 (210ms)
[2026-07-08T17:54:16.384Z] [INFO] GET /style.css → 304 (18ms)
[2026-07-08T17:54:16.409Z] [INFO] GET /app.js → 304 (39ms)
[2026-07-08T17:54:17.904Z] [INFO] admin/verify success {"uid":"dIRRFr9dVHYMQNMboP9RZrrB5ww2","email":"fiverrpro2801@gmail.com"}
[2026-07-08T17:54:17.916Z] [INFO] POST /admin/verify → 200 (795ms)
[2026-07-08T17:54:18.672Z] [INFO] admin/config fetched {"section":"ads"}
[2026-07-08T17:54:18.706Z] [INFO] GET /admin/config/ads → 200 (636ms)
[2026-07-08T17:54:21.343Z] [INFO] admin/analytics computed {"totalUsers":124}
[2026-07-08T17:54:21.349Z] [INFO] GET /admin/analytics → 304 (3385ms)
[2026-07-08T17:54:24.095Z] [INFO] admin/users listed {"count":124,"page":1,"search":""}
[2026-07-08T17:54:24.109Z] [INFO] GET /admin/users → 200 (2637ms)
[2026-07-08T17:54:25.405Z] [INFO] admin/users listed {"count":124,"page":1,"search":""}
[2026-07-08T17:54:25.408Z] [INFO] GET /admin/users → 200 (1289ms)
[2026-07-08T17:54:28.513Z] [ERROR] GitHub release lookup failed (403). {"endpoint":"/api/admin/email/latest-apks","stack":"Error: GitHub release lookup failed (403).\n    at createHttpError (C:\\Users\\Administrator\\Downloads\\kiduyuTv_Api_Admin_final\\index.js:68:15)\n    at fetchJson (C:\\Users\\Administrator\\Downloads\\kiduyuTv_Api_Admin_final\\index.js:175:11)\n    at process.processTicksAndRejections (node:internal/process/task_queues:103:5)\n    at async getLatestApkLinks (C:\\Users\\Administrator\\Downloads\\kiduyuTv_Api_Admin_final\\index.js:195:19)\n    at async C:\\Users\\Administrator\\Downloads\\kiduyuTv_Api_Admin_final\\index.js:567:22"}
[2026-07-08T17:54:28.518Z] [WARN] GET /admin/email/latest-apks → 502 (675ms)
[2026-07-08T17:54:31.379Z] [ERROR] GitHub release lookup failed (403). {"endpoint":"/api/admin/email/latest-apks","stack":"Error: GitHub release lookup failed (403).\n    at createHttpError (C:\\Users\\Administrator\\Downloads\\kiduyuTv_Api_Admin_final\\index.js:68:15)\n    at fetchJson (C:\\Users\\Administrator\\Downloads\\kiduyuTv_Api_Admin_final\\index.js:175:11)\n    at process.processTicksAndRejections (node:internal/process/task_queues:103:5)\n    at async getLatestApkLinks (C:\\Users\\Administrator\\Downloads\\kiduyuTv_Api_Admin_final\\index.js:195:19)\n    at async C:\\Users\\Administrator\\Downloads\\kiduyuTv_Api_Admin_final\\index.js:567:22"}
[2026-07-08T17:54:31.385Z] [WARN] GET /admin/email/latest-apks → 502 (411ms)
[2026-07-08T17:54:34.725Z] [ERROR] GitHub release lookup failed (403). {"endpoint":"/api/admin/email/latest-apks","stack":"Error: GitHub release lookup failed (403).\n    at createHttpError (C:\\Users\\Administrator\\Downloads\\kiduyuTv_Api_Admin_final\\index.js:68:15)\n    at fetchJson (C:\\Users\\Administrator\\Downloads\\kiduyuTv_Api_Admin_final\\index.js:175:11)\n    at process.processTicksAndRejections (node:internal/process/task_queues:103:5)\n    at async getLatestApkLinks (C:\\Users\\Administrator\\Downloads\\kiduyuTv_Api_Admin_final\\index.js:195:19)\n    at async C:\\Users\\Administrator\\Downloads\\kiduyuTv_Api_Admin_final\\index.js:567:22"}
[2026-07-08T17:54:34.730Z] [WARN] GET /admin/email/latest-apks → 502 (483ms)
[2026-07-08T17:54:40.699Z] [ERROR] GitHub release lookup failed (403). {"endpoint":"/api/admin/email/latest-apks","stack":"Error: GitHub release lookup failed (403).\n    at createHttpError (C:\\Users\\Administrator\\Downloads\\kiduyuTv_Api_Admin_final\\index.js:68:15)\n    at fetchJson (C:\\Users\\Administrator\\Downloads\\kiduyuTv_Api_Admin_final\\index.js:175:11)\n    at process.processTicksAndRejections (node:internal/process/task_queues:103:5)\n    at async getLatestApkLinks (C:\\Users\\Administrator\\Downloads\\kiduyuTv_Api_Admin_final\\index.js:195:19)\n    at async C:\\Users\\Administrator\\Downloads\\kiduyuTv_Api_Admin_final\\index.js:567:22"}
[2026-07-08T17:54:40.703Z] [WARN] GET /admin/email/latest-apks → 502 (579ms)
[2026-07-08T17:56:51.980Z] [ERROR] GitHub release lookup failed (403). {"endpoint":"/api/admin/email/latest-apks","stack":"Error: GitHub release lookup failed (403).\n    at createHttpError (C:\\Users\\Administrator\\Downloads\\kiduyuTv_Api_Admin_final\\index.js:68:15)\n    at fetchJson (C:\\Users\\Administrator\\Downloads\\kiduyuTv_Api_Admin_final\\index.js:175:11)\n    at process.processTicksAndRejections (node:internal/process/task_queues:103:5)\n    at async getLatestApkLinks (C:\\Users\\Administrator\\Downloads\\kiduyuTv_Api_Admin_final\\index.js:195:19)\n    at async C:\\Users\\Administrator\\Downloads\\kiduyuTv_Api_Admin_final\\index.js:567:22"}
[2026-07-08T17:56:51.996Z] [WARN] GET /admin/email/latest-apks → 502 (629ms)
[2026-07-08T17:56:58.360Z] [INFO] GET /style.css → 304 (7ms)
[2026-07-08T17:56:58.495Z] [WARN] GET /.well-known/appspecific/com.chrome.devtools.json → 404 (2ms)
[2026-07-08T17:59:11.232Z] [INFO] GET / → 304 (10ms)
[2026-07-08T17:59:11.545Z] [WARN] GET /.well-known/appspecific/com.chrome.devtools.json → 404 (4ms)
[2026-07-08T17:59:11.784Z] [INFO] GET /style.css → 304 (328ms)
[2026-07-08T17:59:12.166Z] [INFO] GET /app.js → 200 (708ms)
[2026-07-08T17:59:14.134Z] [INFO] admin/verify success {"uid":"dIRRFr9dVHYMQNMboP9RZrrB5ww2","email":"fiverrpro2801@gmail.com"}
[2026-07-08T17:59:14.141Z] [INFO] POST /admin/verify → 200 (691ms)
[2026-07-08T17:59:14.615Z] [INFO] admin/config fetched {"section":"ads"}
[2026-07-08T17:59:14.628Z] [INFO] GET /admin/config/ads → 304 (334ms)
[2026-07-08T17:59:16.196Z] [INFO] admin/analytics computed {"totalUsers":124}
[2026-07-08T17:59:16.231Z] [INFO] GET /admin/analytics → 304 (1968ms)
[2026-07-08T17:59:17.749Z] [INFO] admin/users listed {"count":124,"page":1,"search":""}
[2026-07-08T17:59:17.754Z] [INFO] GET /admin/users → 304 (1370ms)
[2026-07-08T17:59:21.634Z] [INFO] admin/users listed {"count":124,"page":1,"search":""}
[2026-07-08T17:59:21.644Z] [INFO] GET /admin/users → 304 (1210ms)
[2026-07-08T17:59:24.506Z] [ERROR] GitHub release lookup failed (403). {"endpoint":"/api/admin/email/latest-apks","stack":"Error: GitHub release lookup failed (403).\n    at createHttpError (C:\\Users\\Administrator\\Downloads\\kiduyuTv_Api_Admin_final\\index.js:68:15)\n    at fetchJson (C:\\Users\\Administrator\\Downloads\\kiduyuTv_Api_Admin_final\\index.js:175:11)\n    at process.processTicksAndRejections (node:internal/process/task_queues:103:5)\n    at async getLatestApkLinks (C:\\Users\\Administrator\\Downloads\\kiduyuTv_Api_Admin_final\\index.js:195:19)\n    at async C:\\Users\\Administrator\\Downloads\\kiduyuTv_Api_Admin_final\\index.js:567:22"}
[2026-07-08T17:59:24.510Z] [WARN] GET /admin/email/latest-apks → 502 (680ms)
[2026-07-08T17:59:26.509Z] [ERROR] GitHub release lookup failed (403). {"endpoint":"/api/admin/email/latest-apks","stack":"Error: GitHub release lookup failed (403).\n    at createHttpError (C:\\Users\\Administrator\\Downloads\\kiduyuTv_Api_Admin_final\\index.js:68:15)\n    at fetchJson (C:\\Users\\Administrator\\Downloads\\kiduyuTv_Api_Admin_final\\index.js:175:11)\n    at process.processTicksAndRejections (node:internal/process/task_queues:103:5)\n    at async getLatestApkLinks (C:\\Users\\Administrator\\Downloads\\kiduyuTv_Api_Admin_final\\index.js:195:19)\n    at async C:\\Users\\Administrator\\Downloads\\kiduyuTv_Api_Admin_final\\index.js:567:22"}
[2026-07-08T17:59:26.512Z] [WARN] GET /admin/email/latest-apks → 502 (412ms)
[2026-07-08T17:59:32.484Z] [ERROR] GitHub release lookup failed (403). {"endpoint":"/api/admin/email/latest-apks","stack":"Error: GitHub release lookup failed (403).\n    at createHttpError (C:\\Users\\Administrator\\Downloads\\kiduyuTv_Api_Admin_final\\index.js:68:15)\n    at fetchJson (C:\\Users\\Administrator\\Downloads\\kiduyuTv_Api_Admin_final\\index.js:175:11)\n    at process.processTicksAndRejections (node:internal/process/task_queues:103:5)\n    at async getLatestApkLinks (C:\\Users\\Administrator\\Downloads\\kiduyuTv_Api_Admin_final\\index.js:195:19)\n    at async C:\\Users\\Administrator\\Downloads\\kiduyuTv_Api_Admin_final\\index.js:567:22"}
[2026-07-08T17:59:32.488Z] [WARN] GET /admin/email/latest-apks → 502 (546ms)
[2026-07-08T17:59:48.526Z] [ERROR] GitHub release lookup failed (403). {"endpoint":"/api/admin/email/latest-apks","stack":"Error: GitHub release lookup failed (403).\n    at createHttpError (C:\\Users\\Administrator\\Downloads\\kiduyuTv_Api_Admin_final\\index.js:68:15)\n    at fetchJson (C:\\Users\\Administrator\\Downloads\\kiduyuTv_Api_Admin_final\\index.js:175:11)\n    at process.processTicksAndRejections (node:internal/process/task_queues:103:5)\n    at async getLatestApkLinks (C:\\Users\\Administrator\\Downloads\\kiduyuTv_Api_Admin_final\\index.js:195:19)\n    at async C:\\Users\\Administrator\\Downloads\\kiduyuTv_Api_Admin_final\\index.js:567:22"}
[2026-07-08T17:59:48.530Z] [WARN] GET /admin/email/latest-apks → 502 (577ms)
[2026-07-08T17:59:56.486Z] [ERROR] GitHub release lookup failed (403). {"endpoint":"/api/admin/email/latest-apks","stack":"Error: GitHub release lookup failed (403).\n    at createHttpError (C:\\Users\\Administrator\\Downloads\\kiduyuTv_Api_Admin_final\\index.js:68:15)\n    at fetchJson (C:\\Users\\Administrator\\Downloads\\kiduyuTv_Api_Admin_final\\index.js:175:11)\n    at process.processTicksAndRejections (node:internal/process/task_queues:103:5)\n    at async getLatestApkLinks (C:\\Users\\Administrator\\Downloads\\kiduyuTv_Api_Admin_final\\index.js:195:19)\n    at async C:\\Users\\Administrator\\Downloads\\kiduyuTv_Api_Admin_final\\index.js:567:22"}
[2026-07-08T17:59:56.490Z] [WARN] GET /admin/email/latest-apks → 502 (529ms)
[2026-07-08T18:03:52.406Z] [INFO] GET / → 304 (10ms)
[2026-07-08T18:03:52.564Z] [INFO] GET /style.css → 304 (10ms)
[2026-07-08T18:03:52.596Z] [INFO] GET /app.js → 200 (40ms)
[2026-07-08T18:04:13.901Z] [INFO] Server started on port 3000
[2026-07-08T18:04:16.128Z] [INFO] GET / → 304 (18ms)
[2026-07-08T18:04:16.245Z] [INFO] GET /style.css → 304 (14ms)
[2026-07-08T18:04:16.253Z] [INFO] GET /app.js → 304 (11ms)
[2026-07-08T18:04:23.019Z] [INFO] admin/verify success {"uid":"dIRRFr9dVHYMQNMboP9RZrrB5ww2","email":"fiverrpro2801@gmail.com"}
[2026-07-08T18:04:23.036Z] [INFO] POST /admin/verify → 200 (6329ms)
[2026-07-08T18:04:26.106Z] [INFO] admin/config fetched {"section":"ads"}
[2026-07-08T18:04:26.110Z] [INFO] GET /admin/config/ads → 304 (1855ms)
[2026-07-08T18:04:27.081Z] [INFO] admin/analytics computed {"totalUsers":124}
[2026-07-08T18:04:27.091Z] [INFO] GET /admin/analytics → 304 (4029ms)
[2026-07-08T18:04:28.312Z] [INFO] admin/users listed {"count":124,"page":1,"search":""}
[2026-07-08T18:04:28.321Z] [INFO] GET /admin/users → 304 (1107ms)
[2026-07-08T18:04:34.975Z] [INFO] admin/users listed {"count":124,"page":1,"search":""}
[2026-07-08T18:04:34.982Z] [INFO] GET /admin/users → 304 (1687ms)
[2026-07-08T18:04:37.959Z] [INFO] admin/email/latest-apks fetched {"tagName":"v1.1.486"}
[2026-07-08T18:04:37.969Z] [INFO] GET /admin/email/latest-apks → 200 (993ms)
[2026-07-08T18:05:36.775Z] [INFO] admin/users/:uid/email sent {"adminUid":"dIRRFr9dVHYMQNMboP9RZrrB5ww2","targetUid":"9GKnVWuILwYmrTwWFQTVTS8q6gf2","recipient":"codeproexperts@gmail.com","subject":"Download the latest KiduyuTV app v1.1.486","apkLinksIncluded":true}
[2026-07-08T18:05:36.782Z] [INFO] POST /admin/users/9GKnVWuILwYmrTwWFQTVTS8q6gf2/email → 200 (4992ms)
[2026-07-09T02:53:21.359Z] [INFO] Server started on port 3000
[2026-07-09T02:53:47.598Z] [INFO] GET / → 304 (28ms)
[2026-07-09T02:53:47.746Z] [INFO] GET /style.css → 304 (4ms)
[2026-07-09T02:53:47.780Z] [INFO] GET /app.js → 304 (6ms)
[2026-07-09T02:53:48.949Z] [WARN] GET /favicon.ico → 404 (7ms)
[2026-07-09T02:53:55.454Z] [INFO] admin/verify success {"uid":"dIRRFr9dVHYMQNMboP9RZrrB5ww2","email":"fiverrpro2801@gmail.com"}
[2026-07-09T02:53:55.460Z] [INFO] POST /admin/verify → 200 (5200ms)
[2026-07-09T02:53:57.626Z] [INFO] admin/config fetched {"section":"ads"}
[2026-07-09T02:53:57.630Z] [INFO] GET /admin/config/ads → 200 (1707ms)
[2026-07-09T02:53:58.251Z] [INFO] admin/analytics computed {"totalUsers":127}
[2026-07-09T02:53:58.255Z] [INFO] GET /admin/analytics → 200 (2763ms)
[2026-07-09T02:53:59.086Z] [INFO] admin/users listed {"count":127,"page":1,"search":""}
[2026-07-09T02:53:59.110Z] [INFO] GET /admin/users → 200 (813ms)
[2026-07-09T02:54:01.910Z] [INFO] admin/users listed {"count":127,"page":1,"search":""}
[2026-07-09T02:54:01.915Z] [INFO] GET /admin/users → 200 (756ms)
[2026-07-09T02:54:11.328Z] [INFO] admin/users listed {"count":127,"page":2,"search":""}
[2026-07-09T02:54:11.332Z] [INFO] GET /admin/users → 200 (941ms)
[2026-07-09T02:54:16.897Z] [INFO] admin/email/latest-apks fetched {"tagName":"v1.1.490"}
[2026-07-09T02:54:16.907Z] [INFO] GET /admin/email/latest-apks → 200 (2016ms)
[2026-07-09T02:54:27.833Z] [INFO] admin/users/:uid/email sent {"adminUid":"dIRRFr9dVHYMQNMboP9RZrrB5ww2","targetUid":"9GKnVWuILwYmrTwWFQTVTS8q6gf2","recipient":"codeproexperts@gmail.com","subject":"Download the latest KiduyuTV app v1.1.490","apkLinksIncluded":true}
[2026-07-09T02:54:27.839Z] [INFO] POST /admin/users/9GKnVWuILwYmrTwWFQTVTS8q6gf2/email → 200 (2446ms)
[2026-07-09T02:55:27.070Z] [INFO] admin/users/:uid/email sent {"adminUid":"dIRRFr9dVHYMQNMboP9RZrrB5ww2","targetUid":"9GKnVWuILwYmrTwWFQTVTS8q6gf2","recipient":"codeproexperts@gmail.com","subject":"hello","apkLinksIncluded":false}
[2026-07-09T02:55:27.075Z] [INFO] POST /admin/users/9GKnVWuILwYmrTwWFQTVTS8q6gf2/email → 200 (1324ms)
[2026-07-09T02:56:40.129Z] [INFO] Server started on port 3000
[2026-07-09T02:56:46.337Z] [INFO] GET / → 304 (12ms)
[2026-07-09T02:56:46.481Z] [INFO] GET /style.css → 304 (4ms)
[2026-07-09T02:56:46.497Z] [INFO] GET /app.js → 304 (18ms)
[2026-07-09T02:56:51.450Z] [INFO] admin/verify success {"uid":"dIRRFr9dVHYMQNMboP9RZrrB5ww2","email":"fiverrpro2801@gmail.com"}
[2026-07-09T02:56:51.455Z] [INFO] POST /admin/verify → 200 (4338ms)
[2026-07-09T02:56:53.257Z] [INFO] admin/config fetched {"section":"ads"}
[2026-07-09T02:56:53.263Z] [INFO] GET /admin/config/ads → 304 (1585ms)
[2026-07-09T02:56:53.882Z] [INFO] admin/analytics computed {"totalUsers":127}
[2026-07-09T02:56:53.885Z] [INFO] GET /admin/analytics → 304 (2410ms)
[2026-07-09T02:56:54.151Z] [INFO] admin/users listed {"count":127,"page":1,"search":""}
[2026-07-09T02:56:54.154Z] [INFO] GET /admin/users → 304 (714ms)
[2026-07-09T02:56:54.849Z] [INFO] admin/users listed {"count":127,"page":1,"search":""}
[2026-07-09T02:56:54.853Z] [INFO] GET /admin/users → 304 (948ms)
[2026-07-09T02:56:57.563Z] [INFO] admin/email/latest-apks fetched {"tagName":"v1.1.490"}
[2026-07-09T02:56:57.582Z] [INFO] GET /admin/email/latest-apks → 304 (981ms)
[2026-07-09T02:57:17.732Z] [ERROR] Error: Unauthorized {"endpoint":"/api/admin/users/dIRRFr9dVHYMQNMboP9RZrrB5ww2/email","stack":"Error: Error: Unauthorized\n    at C:\\Users\\Administrator\\Downloads\\kiduyuTv_Api_Admin_final\\node_modules\\mailtrap\\dist\\lib\\normalizer.js:31:26\n    at process.processTicksAndRejections (node:internal/process/task_queues:103:5)"}
[2026-07-09T02:57:17.738Z] [WARN] POST /admin/users/dIRRFr9dVHYMQNMboP9RZrrB5ww2/email → 500 (1966ms)
[2026-07-09T02:58:26.409Z] [INFO] Server started on port 3000
[2026-07-09T02:58:32.097Z] [INFO] GET / → 304 (16ms)
[2026-07-09T02:58:32.242Z] [INFO] GET /style.css → 304 (5ms)
[2026-07-09T02:58:32.255Z] [INFO] GET /app.js → 304 (15ms)
[2026-07-09T02:58:37.459Z] [INFO] admin/verify success {"uid":"dIRRFr9dVHYMQNMboP9RZrrB5ww2","email":"fiverrpro2801@gmail.com"}
[2026-07-09T02:58:37.468Z] [INFO] POST /admin/verify → 200 (4611ms)
[2026-07-09T02:58:39.344Z] [INFO] admin/config fetched {"section":"ads"}
[2026-07-09T02:58:39.350Z] [INFO] GET /admin/config/ads → 304 (1593ms)
[2026-07-09T02:58:39.965Z] [INFO] admin/analytics computed {"totalUsers":127}
[2026-07-09T02:58:39.971Z] [INFO] GET /admin/analytics → 304 (2460ms)
[2026-07-09T02:58:40.828Z] [INFO] admin/users listed {"count":127,"page":1,"search":""}
[2026-07-09T02:58:40.839Z] [INFO] GET /admin/users → 304 (839ms)
[2026-07-09T02:58:43.407Z] [INFO] admin/users listed {"count":127,"page":1,"search":""}
[2026-07-09T02:58:43.411Z] [INFO] GET /admin/users → 304 (768ms)
[2026-07-09T02:58:46.589Z] [INFO] admin/email/latest-apks fetched {"tagName":"v1.1.490"}
[2026-07-09T02:58:46.593Z] [INFO] GET /admin/email/latest-apks → 304 (1222ms)
[2026-07-09T02:59:10.762Z] [ERROR] Error: Unauthorized {"endpoint":"/api/admin/users/dIRRFr9dVHYMQNMboP9RZrrB5ww2/email","stack":"Error: Error: Unauthorized\n    at C:\\Users\\Administrator\\Downloads\\kiduyuTv_Api_Admin_final\\node_modules\\mailtrap\\dist\\lib\\normalizer.js:31:26\n    at process.processTicksAndRejections (node:internal/process/task_queues:103:5)"}
[2026-07-09T02:59:10.767Z] [WARN] POST /admin/users/dIRRFr9dVHYMQNMboP9RZrrB5ww2/email → 500 (1909ms)
[2026-07-09T03:01:09.221Z] [INFO] Server started on port 3000
[2026-07-09T03:01:18.913Z] [INFO] GET / → 304 (13ms)
[2026-07-09T03:01:19.046Z] [INFO] GET /style.css → 304 (5ms)
[2026-07-09T03:01:19.060Z] [INFO] GET /app.js → 304 (16ms)
[2026-07-09T03:01:23.965Z] [INFO] admin/verify success {"uid":"dIRRFr9dVHYMQNMboP9RZrrB5ww2","email":"fiverrpro2801@gmail.com"}
[2026-07-09T03:01:23.971Z] [INFO] POST /admin/verify → 200 (4320ms)
[2026-07-09T03:01:25.861Z] [INFO] admin/config fetched {"section":"ads"}
[2026-07-09T03:01:25.867Z] [INFO] GET /admin/config/ads → 304 (1706ms)
[2026-07-09T03:01:26.491Z] [INFO] admin/analytics computed {"totalUsers":127}
[2026-07-09T03:01:26.494Z] [INFO] GET /admin/analytics → 304 (2503ms)
[2026-07-09T03:01:26.518Z] [INFO] admin/users listed {"count":127,"page":1,"search":""}
[2026-07-09T03:01:26.521Z] [INFO] GET /admin/users → 304 (911ms)
[2026-07-09T03:01:27.334Z] [INFO] admin/users listed {"count":127,"page":1,"search":""}
[2026-07-09T03:01:27.339Z] [INFO] GET /admin/users → 304 (793ms)
[2026-07-09T03:01:31.767Z] [INFO] admin/email/latest-apks fetched {"tagName":"v1.1.490"}
[2026-07-09T03:01:31.776Z] [INFO] GET /admin/email/latest-apks → 304 (920ms)
[2026-07-09T03:01:48.221Z] [ERROR] Error: Unauthorized {"endpoint":"/api/admin/users/dIRRFr9dVHYMQNMboP9RZrrB5ww2/email","stack":"Error: Error: Unauthorized\n    at C:\\Users\\Administrator\\Downloads\\kiduyuTv_Api_Admin_final\\node_modules\\mailtrap\\dist\\lib\\normalizer.js:31:26\n    at process.processTicksAndRejections (node:internal/process/task_queues:103:5)"}
[2026-07-09T03:01:48.227Z] [WARN] POST /admin/users/dIRRFr9dVHYMQNMboP9RZrrB5ww2/email → 500 (2024ms)
[2026-07-09T03:02:23.905Z] [INFO] Server started on port 3000
[2026-07-09T03:02:23.977Z] [INFO] GET / → 304 (13ms)
[2026-07-09T03:02:24.104Z] [INFO] GET /style.css → 304 (4ms)
[2026-07-09T03:02:24.119Z] [INFO] GET /app.js → 304 (17ms)
[2026-07-09T03:02:29.323Z] [INFO] admin/verify success {"uid":"dIRRFr9dVHYMQNMboP9RZrrB5ww2","email":"fiverrpro2801@gmail.com"}
[2026-07-09T03:02:29.328Z] [INFO] POST /admin/verify → 200 (4623ms)
[2026-07-09T03:02:31.318Z] [INFO] admin/config fetched {"section":"ads"}
[2026-07-09T03:02:31.325Z] [INFO] GET /admin/config/ads → 304 (1602ms)
[2026-07-09T03:02:31.957Z] [INFO] admin/analytics computed {"totalUsers":127}
[2026-07-09T03:02:31.960Z] [INFO] GET /admin/analytics → 304 (2613ms)
[2026-07-09T03:02:32.852Z] [INFO] admin/users listed {"count":127,"page":1,"search":""}
[2026-07-09T03:02:32.861Z] [INFO] GET /admin/users → 304 (845ms)
[2026-07-09T03:02:34.988Z] [INFO] admin/users listed {"count":127,"page":1,"search":""}
[2026-07-09T03:02:34.993Z] [INFO] GET /admin/users → 304 (785ms)
[2026-07-09T03:02:41.124Z] [INFO] admin/users listed {"count":127,"page":2,"search":""}
[2026-07-09T03:02:41.128Z] [INFO] GET /admin/users → 304 (917ms)
[2026-07-09T03:02:44.568Z] [INFO] admin/email/latest-apks fetched {"tagName":"v1.1.490"}
[2026-07-09T03:02:44.573Z] [INFO] GET /admin/email/latest-apks → 304 (917ms)
[2026-07-09T03:03:05.256Z] [INFO] admin/users/:uid/email sent {"adminUid":"dIRRFr9dVHYMQNMboP9RZrrB5ww2","targetUid":"9GKnVWuILwYmrTwWFQTVTS8q6gf2","recipient":"codeproexperts@gmail.com","subject":"just an app","apkLinksIncluded":false}
[2026-07-09T03:03:05.262Z] [INFO] POST /admin/users/9GKnVWuILwYmrTwWFQTVTS8q6gf2/email → 200 (4202ms)
